{"/Users/cnaranjo/task.ifybackend/task.ify-backend/database.ts": {"path":"/Users/cnaranjo/task.ifybackend/task.ify-backend/database.ts","statementMap":{"0":{"start":{"line":1,"column":0},"end":{"line":1,"column":38}},"1":{"start":{"line":3,"column":18},"end":{"line":10,"column":2}},"2":{"start":{"line":12,"column":9},"end":{"line":12,"column":18}}},"fnMap":{},"branchMap":{},"s":{"0":3,"1":3,"2":3},"f":{},"b":{}}
,"/Users/cnaranjo/task.ifybackend/task.ify-backend/models/playlist.ts": {"path":"/Users/cnaranjo/task.ifybackend/task.ify-backend/models/playlist.ts","statementMap":{"0":{"start":{"line":1,"column":0},"end":{"line":1,"column":38}},"1":{"start":{"line":2,"column":0},"end":{"line":2,"column":40}},"2":{"start":{"line":4,"column":17},"end":{"line":20,"column":2}},"3":{"start":{"line":22,"column":9},"end":{"line":22,"column":17}}},"fnMap":{},"branchMap":{},"s":{"0":3,"1":3,"2":3,"3":3},"f":{},"b":{}}
,"/Users/cnaranjo/task.ifybackend/task.ify-backend/models/task.ts": {"path":"/Users/cnaranjo/task.ifybackend/task.ify-backend/models/task.ts","statementMap":{"0":{"start":{"line":1,"column":0},"end":{"line":1,"column":38}},"1":{"start":{"line":2,"column":0},"end":{"line":2,"column":40}},"2":{"start":{"line":3,"column":0},"end":{"line":3,"column":38}},"3":{"start":{"line":6,"column":13},"end":{"line":38,"column":2}},"4":{"start":{"line":42,"column":9},"end":{"line":42,"column":13}},"5":{"start":{"line":40,"column":0},"end":{"line":40,"column":56}}},"fnMap":{},"branchMap":{},"s":{"0":3,"1":3,"2":3,"3":3,"4":3,"5":3},"f":{},"b":{}}
,"/Users/cnaranjo/task.ifybackend/task.ify-backend/models/user.ts": {"path":"/Users/cnaranjo/task.ifybackend/task.ify-backend/models/user.ts","statementMap":{"0":{"start":{"line":1,"column":0},"end":{"line":1,"column":38}},"1":{"start":{"line":2,"column":0},"end":{"line":2,"column":40}},"2":{"start":{"line":3,"column":0},"end":{"line":3,"column":38}},"3":{"start":{"line":4,"column":0},"end":{"line":4,"column":30}},"4":{"start":{"line":6,"column":13},"end":{"line":22,"column":2}},"5":{"start":{"line":27,"column":9},"end":{"line":27,"column":13}},"6":{"start":{"line":24,"column":0},"end":{"line":24,"column":53}},"7":{"start":{"line":25,"column":0},"end":{"line":25,"column":49}}},"fnMap":{},"branchMap":{},"s":{"0":2,"1":2,"2":2,"3":2,"4":2,"5":2,"6":2,"7":2},"f":{},"b":{}}
,"/Users/cnaranjo/task.ifybackend/task.ify-backend/routes/chatgpt.ts": {"path":"/Users/cnaranjo/task.ifybackend/task.ify-backend/routes/chatgpt.ts","statementMap":{"0":{"start":{"line":1,"column":0},"end":{"line":1,"column":53}},"1":{"start":{"line":2,"column":0},"end":{"line":2,"column":45}},"2":{"start":{"line":3,"column":0},"end":{"line":3,"column":38}},"3":{"start":{"line":4,"column":0},"end":{"line":4,"column":37}},"4":{"start":{"line":6,"column":17},"end":{"line":6,"column":26}},"5":{"start":{"line":8,"column":0},"end":{"line":77,"column":3}},"6":{"start":{"line":8,"column":73},"end":{"line":77,"column":2}},"7":{"start":{"line":9,"column":2},"end":{"line":76,"column":null}},"8":{"start":{"line":10,"column":48},"end":{"line":10,"column":61}},"9":{"start":{"line":11,"column":24},"end":{"line":11,"column":38}},"10":{"start":{"line":13,"column":27},"end":{"line":40,"column":null}},"11":{"start":{"line":42,"column":30},"end":{"line":43,"column":null}},"12":{"start":{"line":45,"column":25},"end":{"line":45,"column":55}},"13":{"start":{"line":46,"column":19},"end":{"line":46,"column":43}},"14":{"start":{"line":50,"column":8},"end":{"line":54,"column":6}},"15":{"start":{"line":56,"column":23},"end":{"line":56,"column":55}},"16":{"start":{"line":57,"column":22},"end":{"line":57,"column":53}},"17":{"start":{"line":59,"column":4},"end":{"line":68,"column":6}},"18":{"start":{"line":70,"column":4},"end":{"line":70,"column":40}},"19":{"start":{"line":72,"column":4},"end":{"line":72,"column":25}},"20":{"start":{"line":73,"column":4},"end":{"line":75,"column":7}},"21":{"start":{"line":79,"column":0},"end":{"line":79,"column":24}}},"fnMap":{"0":{"name":"(anonymous_8)","decl":{"start":{"line":8,"column":35},"end":{"line":8,"column":42}},"loc":{"start":{"line":8,"column":73},"end":{"line":77,"column":2}}},"1":{"name":"(anonymous_9)","decl":{"start":{"line":8,"column":73},"end":{"line":8,"column":null}},"loc":{"start":{"line":8,"column":73},"end":{"line":77,"column":1}}}},"branchMap":{},"s":{"0":1,"1":1,"2":1,"3":1,"4":1,"5":1,"6":2,"7":2,"8":2,"9":2,"10":2,"11":1,"12":1,"13":1,"14":1,"15":1,"16":1,"17":1,"18":1,"19":1,"20":1,"21":1},"f":{"0":2,"1":2},"b":{}}
,"/Users/cnaranjo/task.ifybackend/task.ify-backend/routes/playlist.ts": {"path":"/Users/cnaranjo/task.ifybackend/task.ify-backend/routes/playlist.ts","statementMap":{"0":{"start":{"line":1,"column":0},"end":{"line":1,"column":53}},"1":{"start":{"line":2,"column":0},"end":{"line":2,"column":26}},"2":{"start":{"line":3,"column":0},"end":{"line":3,"column":46}},"3":{"start":{"line":4,"column":0},"end":{"line":4,"column":38}},"4":{"start":{"line":6,"column":22},"end":{"line":6,"column":31}},"5":{"start":{"line":14,"column":0},"end":{"line":77,"column":3}},"6":{"start":{"line":14,"column":70},"end":{"line":77,"column":2}},"7":{"start":{"line":15,"column":2},"end":{"line":76,"column":null}},"8":{"start":{"line":16,"column":50},"end":{"line":16,"column":null}},"9":{"start":{"line":22,"column":32},"end":{"line":24,"column":6}},"10":{"start":{"line":26,"column":4},"end":{"line":30,"column":null}},"11":{"start":{"line":27,"column":6},"end":{"line":29,"column":71}},"12":{"start":{"line":32,"column":24},"end":{"line":32,"column":49}},"13":{"start":{"line":34,"column":30},"end":{"line":34,"column":52}},"14":{"start":{"line":36,"column":31},"end":{"line":46,"column":null}},"15":{"start":{"line":49,"column":23},"end":{"line":49,"column":49}},"16":{"start":{"line":51,"column":4},"end":{"line":55,"column":7}},"17":{"start":{"line":57,"column":40},"end":{"line":67,"column":null}},"18":{"start":{"line":60,"column":36},"end":{"line":60,"column":45}},"19":{"start":{"line":70,"column":4},"end":{"line":70,"column":40}},"20":{"start":{"line":72,"column":4},"end":{"line":72,"column":25}},"21":{"start":{"line":73,"column":4},"end":{"line":75,"column":76}},"22":{"start":{"line":79,"column":0},"end":{"line":79,"column":29}}},"fnMap":{"0":{"name":"(anonymous_8)","decl":{"start":{"line":14,"column":32},"end":{"line":14,"column":39}},"loc":{"start":{"line":14,"column":70},"end":{"line":77,"column":2}}},"1":{"name":"(anonymous_9)","decl":{"start":{"line":14,"column":70},"end":{"line":14,"column":null}},"loc":{"start":{"line":14,"column":70},"end":{"line":77,"column":1}}},"2":{"name":"(anonymous_10)","decl":{"start":{"line":60,"column":25},"end":{"line":60,"column":26}},"loc":{"start":{"line":60,"column":36},"end":{"line":60,"column":45}}}},"branchMap":{"0":{"loc":{"start":{"line":26,"column":4},"end":{"line":30,"column":null}},"type":"if","locations":[{"start":{"line":26,"column":4},"end":{"line":30,"column":null}}]}},"s":{"0":1,"1":1,"2":1,"3":1,"4":1,"5":1,"6":2,"7":2,"8":2,"9":2,"10":2,"11":0,"12":2,"13":2,"14":2,"15":1,"16":1,"17":1,"18":2,"19":1,"20":1,"21":1,"22":1},"f":{"0":2,"1":2,"2":2},"b":{"0":[0]}}
,"/Users/cnaranjo/task.ifybackend/task.ify-backend/routes/task.ts": {"path":"/Users/cnaranjo/task.ifybackend/task.ify-backend/routes/task.ts","statementMap":{"0":{"start":{"line":1,"column":0},"end":{"line":1,"column":53}},"1":{"start":{"line":2,"column":0},"end":{"line":2,"column":38}},"2":{"start":{"line":3,"column":0},"end":{"line":3,"column":38}},"3":{"start":{"line":4,"column":0},"end":{"line":4,"column":26}},"4":{"start":{"line":6,"column":18},"end":{"line":6,"column":27}},"5":{"start":{"line":8,"column":0},"end":{"line":30,"column":3}},"6":{"start":{"line":8,"column":58},"end":{"line":30,"column":2}},"7":{"start":{"line":9,"column":2},"end":{"line":29,"column":null}},"8":{"start":{"line":10,"column":24},"end":{"line":10,"column":38}},"9":{"start":{"line":11,"column":32},"end":{"line":11,"column":92}},"10":{"start":{"line":12,"column":4},"end":{"line":16,"column":null}},"11":{"start":{"line":13,"column":6},"end":{"line":15,"column":71}},"12":{"start":{"line":17,"column":24},"end":{"line":17,"column":49}},"13":{"start":{"line":18,"column":30},"end":{"line":18,"column":52}},"14":{"start":{"line":20,"column":25},"end":{"line":20,"column":81}},"15":{"start":{"line":21,"column":18},"end":{"line":21,"column":71}},"16":{"start":{"line":21,"column":45},"end":{"line":21,"column":70}},"17":{"start":{"line":23,"column":4},"end":{"line":23,"column":28}},"18":{"start":{"line":25,"column":4},"end":{"line":25,"column":25}},"19":{"start":{"line":26,"column":4},"end":{"line":28,"column":69}},"20":{"start":{"line":32,"column":0},"end":{"line":43,"column":3}},"21":{"start":{"line":32,"column":60},"end":{"line":43,"column":2}},"22":{"start":{"line":33,"column":2},"end":{"line":42,"column":null}},"23":{"start":{"line":34,"column":24},"end":{"line":34,"column":37}},"24":{"start":{"line":35,"column":17},"end":{"line":35,"column":75}},"25":{"start":{"line":36,"column":4},"end":{"line":36,"column":27}},"26":{"start":{"line":38,"column":4},"end":{"line":38,"column":25}},"27":{"start":{"line":39,"column":4},"end":{"line":41,"column":72}},"28":{"start":{"line":45,"column":0},"end":{"line":61,"column":3}},"29":{"start":{"line":45,"column":70},"end":{"line":61,"column":2}},"30":{"start":{"line":46,"column":2},"end":{"line":60,"column":null}},"31":{"start":{"line":47,"column":23},"end":{"line":47,"column":36}},"32":{"start":{"line":48,"column":17},"end":{"line":48,"column":75}},"33":{"start":{"line":49,"column":4},"end":{"line":54,"column":null}},"34":{"start":{"line":50,"column":6},"end":{"line":50,"column":27}},"35":{"start":{"line":51,"column":6},"end":{"line":51,"column":28}},"36":{"start":{"line":53,"column":6},"end":{"line":53,"column":56}},"37":{"start":{"line":56,"column":4},"end":{"line":56,"column":25}},"38":{"start":{"line":57,"column":4},"end":{"line":59,"column":71}},"39":{"start":{"line":63,"column":0},"end":{"line":97,"column":2}},"40":{"start":{"line":65,"column":40},"end":{"line":96,"column":null}},"41":{"start":{"line":66,"column":4},"end":{"line":95,"column":null}},"42":{"start":{"line":67,"column":26},"end":{"line":67,"column":39}},"43":{"start":{"line":68,"column":27},"end":{"line":68,"column":85}},"44":{"start":{"line":69,"column":19},"end":{"line":69,"column":53}},"45":{"start":{"line":70,"column":26},"end":{"line":70,"column":54}},"46":{"start":{"line":72,"column":6},"end":{"line":86,"column":null}},"47":{"start":{"line":73,"column":38},"end":{"line":79,"column":null}},"48":{"start":{"line":81,"column":30},"end":{"line":81,"column":59}},"49":{"start":{"line":83,"column":8},"end":{"line":83,"column":40}},"50":{"start":{"line":85,"column":8},"end":{"line":85,"column":62}},"51":{"start":{"line":88,"column":6},"end":{"line":88,"column":27}},"52":{"start":{"line":89,"column":6},"end":{"line":94,"column":11}},"53":{"start":{"line":99,"column":0},"end":{"line":99,"column":25}}},"fnMap":{"0":{"name":"(anonymous_8)","decl":{"start":{"line":8,"column":20},"end":{"line":8,"column":27}},"loc":{"start":{"line":8,"column":58},"end":{"line":30,"column":2}}},"1":{"name":"(anonymous_9)","decl":{"start":{"line":8,"column":58},"end":{"line":8,"column":null}},"loc":{"start":{"line":8,"column":58},"end":{"line":30,"column":1}}},"2":{"name":"(anonymous_10)","decl":{"start":{"line":21,"column":35},"end":{"line":21,"column":36}},"loc":{"start":{"line":21,"column":45},"end":{"line":21,"column":70}}},"3":{"name":"(anonymous_11)","decl":{"start":{"line":32,"column":22},"end":{"line":32,"column":29}},"loc":{"start":{"line":32,"column":60},"end":{"line":43,"column":2}}},"4":{"name":"(anonymous_12)","decl":{"start":{"line":32,"column":60},"end":{"line":32,"column":null}},"loc":{"start":{"line":32,"column":60},"end":{"line":43,"column":1}}},"5":{"name":"(anonymous_13)","decl":{"start":{"line":45,"column":32},"end":{"line":45,"column":39}},"loc":{"start":{"line":45,"column":70},"end":{"line":61,"column":2}}},"6":{"name":"(anonymous_14)","decl":{"start":{"line":45,"column":70},"end":{"line":45,"column":null}},"loc":{"start":{"line":45,"column":70},"end":{"line":61,"column":1}}},"7":{"name":"(anonymous_15)","decl":{"start":{"line":65,"column":2},"end":{"line":65,"column":9}},"loc":{"start":{"line":65,"column":40},"end":{"line":96,"column":null}}},"8":{"name":"(anonymous_16)","decl":{"start":{"line":65,"column":40},"end":{"line":65,"column":null}},"loc":{"start":{"line":65,"column":40},"end":{"line":96,"column":3}}}},"branchMap":{"0":{"loc":{"start":{"line":12,"column":4},"end":{"line":16,"column":null}},"type":"if","locations":[{"start":{"line":12,"column":4},"end":{"line":16,"column":null}}]},"1":{"loc":{"start":{"line":49,"column":4},"end":{"line":54,"column":null}},"type":"if","locations":[{"start":{"line":49,"column":4},"end":{"line":54,"column":null}},{"start":{"line":52,"column":11},"end":{"line":54,"column":null}}]},"2":{"loc":{"start":{"line":69,"column":19},"end":{"line":69,"column":53}},"type":"cond-expr","locations":[{"start":{"line":69,"column":31},"end":{"line":69,"column":33}},{"start":{"line":69,"column":19},"end":{"line":69,"column":53}}]},"3":{"loc":{"start":{"line":69,"column":19},"end":{"line":69,"column":33}},"type":"binary-expr","locations":[{"start":{"line":69,"column":19},"end":{"line":69,"column":33}},{"start":{"line":69,"column":19},"end":{"line":69,"column":33}}]},"4":{"loc":{"start":{"line":72,"column":6},"end":{"line":86,"column":null}},"type":"if","locations":[{"start":{"line":72,"column":6},"end":{"line":86,"column":null}},{"start":{"line":84,"column":13},"end":{"line":86,"column":null}}]}},"s":{"0":1,"1":1,"2":1,"3":1,"4":1,"5":1,"6":2,"7":2,"8":2,"9":2,"10":2,"11":1,"12":1,"13":1,"14":1,"15":1,"16":1,"17":1,"18":0,"19":0,"20":1,"21":1,"22":1,"23":1,"24":1,"25":1,"26":0,"27":0,"28":1,"29":1,"30":1,"31":1,"32":1,"33":1,"34":1,"35":1,"36":0,"37":0,"38":0,"39":1,"40":2,"41":2,"42":2,"43":2,"44":2,"45":2,"46":2,"47":2,"48":1,"49":1,"50":0,"51":1,"52":1,"53":1},"f":{"0":2,"1":2,"2":1,"3":1,"4":1,"5":1,"6":1,"7":2,"8":2},"b":{"0":[1],"1":[1,0],"2":[0,2],"3":[2,2],"4":[2,0]}}
,"/Users/cnaranjo/task.ifybackend/task.ify-backend/utils/config.ts": {"path":"/Users/cnaranjo/task.ifybackend/task.ify-backend/utils/config.ts","statementMap":{"0":{"start":{"line":1,"column":0},"end":{"line":1,"column":27}},"1":{"start":{"line":2,"column":0},"end":{"line":2,"column":16}},"2":{"start":{"line":5,"column":20},"end":{"line":5,"column":43}},"3":{"start":{"line":7,"column":18},"end":{"line":7,"column":39}},"4":{"start":{"line":9,"column":21},"end":{"line":9,"column":46}},"5":{"start":{"line":11,"column":22},"end":{"line":11,"column":47}},"6":{"start":{"line":15,"column":15},"end":{"line":20,"column":null}},"7":{"start":{"line":22,"column":0},"end":{"line":22,"column":22}}},"fnMap":{},"branchMap":{},"s":{"0":1,"1":1,"2":1,"3":1,"4":1,"5":1,"6":1,"7":1},"f":{},"b":{}}
}
