TN:
SF:database.ts
FNF:0
FNH:0
DA:1,3
DA:3,3
DA:12,3
LF:3
LH:3
BRF:0
BRH:0
end_of_record
TN:
SF:models/playlist.ts
FNF:0
FNH:0
DA:1,3
DA:2,3
DA:4,3
DA:22,3
LF:4
LH:4
BRF:0
BRH:0
end_of_record
TN:
SF:models/task.ts
FNF:0
FNH:0
DA:1,3
DA:2,3
DA:3,3
DA:6,3
DA:40,3
DA:42,3
LF:6
LH:6
BRF:0
BRH:0
end_of_record
TN:
SF:models/user.ts
FNF:0
FNH:0
DA:1,2
DA:2,2
DA:3,2
DA:4,2
DA:6,2
DA:24,2
DA:25,2
DA:27,2
LF:8
LH:8
BRF:0
BRH:0
end_of_record
TN:
SF:routes/chatgpt.ts
FN:8,(anonymous_8)
FN:8,(anonymous_9)
FNF:2
FNH:2
FNDA:2,(anonymous_8)
FNDA:2,(anonymous_9)
DA:1,1
DA:2,1
DA:3,1
DA:4,1
DA:6,1
DA:8,2
DA:9,2
DA:10,2
DA:11,2
DA:13,2
DA:42,1
DA:45,1
DA:46,1
DA:50,1
DA:56,1
DA:57,1
DA:59,1
DA:70,1
DA:72,1
DA:73,1
DA:79,1
LF:21
LH:21
BRF:0
BRH:0
end_of_record
TN:
SF:routes/playlist.ts
FN:14,(anonymous_8)
FN:14,(anonymous_9)
FN:60,(anonymous_10)
FNF:3
FNH:3
FNDA:2,(anonymous_8)
FNDA:2,(anonymous_9)
FNDA:2,(anonymous_10)
DA:1,1
DA:2,1
DA:3,1
DA:4,1
DA:6,1
DA:14,2
DA:15,2
DA:16,2
DA:22,2
DA:26,2
DA:27,0
DA:32,2
DA:34,2
DA:36,2
DA:49,1
DA:51,1
DA:57,1
DA:60,2
DA:70,1
DA:72,1
DA:73,1
DA:79,1
LF:22
LH:21
BRDA:26,0,0,0
BRF:1
BRH:0
end_of_record
TN:
SF:routes/task.ts
FN:8,(anonymous_8)
FN:8,(anonymous_9)
FN:21,(anonymous_10)
FN:32,(anonymous_11)
FN:32,(anonymous_12)
FN:45,(anonymous_13)
FN:45,(anonymous_14)
FN:65,(anonymous_15)
FN:65,(anonymous_16)
FNF:9
FNH:9
FNDA:2,(anonymous_8)
FNDA:2,(anonymous_9)
FNDA:1,(anonymous_10)
FNDA:1,(anonymous_11)
FNDA:1,(anonymous_12)
FNDA:1,(anonymous_13)
FNDA:1,(anonymous_14)
FNDA:2,(anonymous_15)
FNDA:2,(anonymous_16)
DA:1,1
DA:2,1
DA:3,1
DA:4,1
DA:6,1
DA:8,2
DA:9,2
DA:10,2
DA:11,2
DA:12,2
DA:13,1
DA:17,1
DA:18,1
DA:20,1
DA:21,1
DA:23,1
DA:25,0
DA:26,0
DA:32,1
DA:33,1
DA:34,1
DA:35,1
DA:36,1
DA:38,0
DA:39,0
DA:45,1
DA:46,1
DA:47,1
DA:48,1
DA:49,1
DA:50,1
DA:51,1
DA:53,0
DA:56,0
DA:57,0
DA:63,1
DA:65,2
DA:66,2
DA:67,2
DA:68,2
DA:69,2
DA:70,2
DA:72,2
DA:73,2
DA:81,1
DA:83,1
DA:85,0
DA:88,1
DA:89,1
DA:99,1
LF:50
LH:42
BRDA:12,0,0,1
BRDA:49,1,0,1
BRDA:49,1,1,0
BRDA:69,2,0,0
BRDA:69,2,1,2
BRDA:69,3,0,2
BRDA:69,3,1,2
BRDA:72,4,0,2
BRDA:72,4,1,0
BRF:9
BRH:6
end_of_record
TN:
SF:utils/config.ts
FNF:0
FNH:0
DA:1,1
DA:2,1
DA:5,1
DA:7,1
DA:9,1
DA:11,1
DA:15,1
DA:22,1
LF:8
LH:8
BRF:0
BRH:0
end_of_record
